# JRE version: OpenJDK Runtime Environment (17.0.18+8) (build 17.0.18+8-Ubuntu-124.04.1)
# Java VM: OpenJDK 64-Bit Server VM (17.0.18+8-Ubuntu-124.04.1, mixed mode, emulated-client, sharing, tiered, compressed oops, compressed class ptrs, g1 gc, linux-amd64)
GC Precious Log:
 CPUs: 8 total, 8 available
 Memory: 11737M
 Large Page Support: Disabled
 NUMA Support: Disabled
 Compressed Oops: Enabled (Zero based)
 Heap Region Size: 2M
 Heap Min Capacity: 8M
 Heap Initial Capacity: 184M
 Heap Max Capacity: 2936M
 Pre-touch: Disabled
 Parallel Workers: 8
 Concurrent Workers: 2
 Concurrent Refinement Workers: 8
 Periodic GC: Disabled
Heap:
 garbage-first heap   total 192512K, used 15435K [0x0000000748800000, 0x0000000800000000)
  region size 2048K, 5 young (10240K), 4 survivors (8192K)
 Metaspace       used 21356K, committed 21760K, reserved 1114112K
  class space    used 3025K, committed 3200K, reserved 1048576K
GC Heap History (6 events):
Event: 0,387 GC heap before
{Heap before GC invocations=0 (full 0):
 garbage-first heap   total 192512K, used 22452K [0x0000000748800000, 0x0000000800000000)
  region size 2048K, 11 young (22528K), 0 survivors (0K)
 Metaspace       used 5160K, committed 5312K, reserved 1114112K
  class space    used 690K, committed 768K, reserved 1048576K
}
Event: 0,389 GC heap after
{Heap after GC invocations=1 (full 0):
 garbage-first heap   total 192512K, used 8759K [0x0000000748800000, 0x0000000800000000)
  region size 2048K, 2 young (4096K), 2 survivors (4096K)
 Metaspace       used 5160K, committed 5312K, reserved 1114112K
  class space    used 690K, committed 768K, reserved 1048576K
}
Event: 0,628 GC heap before
{Heap before GC invocations=1 (full 0):
 garbage-first heap   total 192512K, used 33335K [0x0000000748800000, 0x0000000800000000)
  region size 2048K, 14 young (28672K), 2 survivors (4096K)
 Metaspace       used 10414K, committed 10688K, reserved 1114112K
  class space    used 1477K, committed 1600K, reserved 1048576K
}
Event: 0,631 GC heap after
{Heap after GC invocations=2 (full 0):
 garbage-first heap   total 192512K, used 9989K [0x0000000748800000, 0x0000000800000000)
  region size 2048K, 1 young (2048K), 1 survivors (2048K)
 Metaspace       used 10414K, committed 10688K, reserved 1114112K
  class space    used 1477K, committed 1600K, reserved 1048576K
}
Event: 1,200 GC heap before
{Heap before GC invocations=2 (full 0):
 garbage-first heap   total 192512K, used 77573K [0x0000000748800000, 0x0000000800000000)
  region size 2048K, 35 young (71680K), 1 survivors (2048K)
 Metaspace       used 21153K, committed 21504K, reserved 1114112K
  class space    used 2993K, committed 3136K, reserved 1048576K
}
Event: 1,206 GC heap after
{Heap after GC invocations=3 (full 0):
 garbage-first heap   total 192512K, used 15435K [0x0000000748800000, 0x0000000800000000)
  region size 2048K, 4 young (8192K), 4 survivors (8192K)
 Metaspace       used 21153K, committed 21504K, reserved 1114112K
  class space    used 2993K, committed 3136K, reserved 1048576K
}

